# JRE version: Java(TM) SE Runtime Environment (8.0_201-b09) (build 1.8.0_201-b09)
# Java VM: Java HotSpot(TM) 64-Bit Server VM (25.201-b09 mixed mode linux-amd64 compressed oops)
Heap:
 PSYoungGen      total 323072K, used 0K [0x00000000d7200000, 0x00000000ec180000, 0x0000000100000000)
  eden space 302592K, 0% used [0x00000000d7200000,0x00000000d7200000,0x00000000e9980000)
  from space 20480K, 0% used [0x00000000e9980000,0x00000000e9980000,0x00000000ead80000)
  to   space 18432K, 0% used [0x00000000eaf80000,0x00000000eaf80000,0x00000000ec180000)
 ParOldGen       total 1209344K, used 1157119K [0x0000000085600000, 0x00000000cf300000, 0x00000000d7200000)
  object space 1209344K, 95% used [0x0000000085600000,0x00000000cbfffd08,0x00000000cf300000)
 Metaspace       used 18988K, capacity 20360K, committed 20608K, reserved 1067008K
  class space    used 2818K, capacity 3073K, committed 3200K, reserved 1048576K
GC Heap History (10 events):
Event: 31.257 GC heap after
Heap after GC invocations=9 (full 1):
 PSYoungGen      total 145920K, used 0K [0x00000000d7200000, 0x00000000e1800000, 0x0000000100000000)
  eden space 123904K, 0% used [0x00000000d7200000,0x00000000d7200000,0x00000000deb00000)
  from space 22016K, 0% used [0x00000000e0280000,0x00000000e0280000,0x00000000e1800000)
  to   space 23040K, 0% used [0x00000000deb00000,0x00000000deb00000,0x00000000e0180000)
 ParOldGen       total 175616K, used 124927K [0x0000000085600000, 0x0000000090180000, 0x00000000d7200000)
  object space 175616K, 71% used [0x0000000085600000,0x000000008cfffcd8,0x0000000090180000)
 Metaspace       used 18988K, capacity 20360K, committed 20608K, reserved 1067008K
  class space    used 2818K, capacity 3073K, committed 3200K, reserved 1048576K
}
Event: 32.988 GC heap before
{Heap before GC invocations=10 (full 1):
 PSYoungGen      total 145920K, used 123904K [0x00000000d7200000, 0x00000000e1800000, 0x0000000100000000)
  eden space 123904K, 100% used [0x00000000d7200000,0x00000000deb00000,0x00000000deb00000)
  from space 22016K, 0% used [0x00000000e0280000,0x00000000e0280000,0x00000000e1800000)
  to   space 23040K, 0% used [0x00000000deb00000,0x00000000deb00000,0x00000000e0180000)
 ParOldGen       total 323584K, used 272383K [0x0000000085600000, 0x0000000099200000, 0x00000000d7200000)
  object space 323584K, 84% used [0x0000000085600000,0x0000000095fffce8,0x0000000099200000)
 Metaspace       used 18988K, capacity 20360K, committed 20608K, reserved 1067008K
  class space    used 2818K, capacity 3073K, committed 3200K, reserved 1048576K
Event: 32.989 GC heap after
Heap after GC invocations=10 (full 1):
 PSYoungGen      total 146944K, used 0K [0x00000000d7200000, 0x00000000e5d00000, 0x0000000100000000)
  eden space 123904K, 0% used [0x00000000d7200000,0x00000000d7200000,0x00000000deb00000)
  from space 23040K, 0% used [0x00000000deb00000,0x00000000deb00000,0x00000000e0180000)
  to   space 22528K, 0% used [0x00000000e4700000,0x00000000e4700000,0x00000000e5d00000)
 ParOldGen       total 323584K, used 272383K [0x0000000085600000, 0x0000000099200000, 0x00000000d7200000)
  object space 323584K, 84% used [0x0000000085600000,0x0000000095fffce8,0x0000000099200000)
 Metaspace       used 18988K, capacity 20360K, committed 20608K, reserved 1067008K
  class space    used 2818K, capacity 3073K, committed 3200K, reserved 1048576K
}
Event: 33.136 GC heap before
{Heap before GC invocations=11 (full 1):
 PSYoungGen      total 146944K, used 123904K [0x00000000d7200000, 0x00000000e5d00000, 0x0000000100000000)
  eden space 123904K, 100% used [0x00000000d7200000,0x00000000deb00000,0x00000000deb00000)
  from space 23040K, 0% used [0x00000000deb00000,0x00000000deb00000,0x00000000e0180000)
  to   space 22528K, 0% used [0x00000000e4700000,0x00000000e4700000,0x00000000e5d00000)
 ParOldGen       total 323584K, used 272383K [0x0000000085600000, 0x0000000099200000, 0x00000000d7200000)
  object space 323584K, 84% used [0x0000000085600000,0x0000000095fffce8,0x0000000099200000)
 Metaspace       used 18988K, capacity 20360K, committed 20608K, reserved 1067008K
  class space    used 2818K, capacity 3073K, committed 3200K, reserved 1048576K
Event: 33.138 GC heap after
Heap after GC invocations=11 (full 1):
 PSYoungGen      total 215040K, used 0K [0x00000000d7200000, 0x00000000e5b00000, 0x0000000100000000)
  eden space 194560K, 0% used [0x00000000d7200000,0x00000000d7200000,0x00000000e3000000)
  from space 20480K, 0% used [0x00000000e4700000,0x00000000e4700000,0x00000000e5b00000)
  to   space 22016K, 0% used [0x00000000e3000000,0x00000000e3000000,0x00000000e4580000)
 ParOldGen       total 323584K, used 272383K [0x0000000085600000, 0x0000000099200000, 0x00000000d7200000)
  object space 323584K, 84% used [0x0000000085600000,0x0000000095fffce8,0x0000000099200000)
 Metaspace       used 18988K, capacity 20360K, committed 20608K, reserved 1067008K
  class space    used 2818K, capacity 3073K, committed 3200K, reserved 1048576K
}
Event: 81.598 GC heap before
{Heap before GC invocations=12 (full 1):
 PSYoungGen      total 215040K, used 194560K [0x00000000d7200000, 0x00000000e5b00000, 0x0000000100000000)
  eden space 194560K, 100% used [0x00000000d7200000,0x00000000e3000000,0x00000000e3000000)
  from space 20480K, 0% used [0x00000000e4700000,0x00000000e4700000,0x00000000e5b00000)
  to   space 22016K, 0% used [0x00000000e3000000,0x00000000e3000000,0x00000000e4580000)
 ParOldGen       total 619008K, used 567295K [0x0000000085600000, 0x00000000ab280000, 0x00000000d7200000)
  object space 619008K, 91% used [0x0000000085600000,0x00000000a7fffcf8,0x00000000ab280000)
 Metaspace       used 18988K, capacity 20360K, committed 20608K, reserved 1067008K
  class space    used 2818K, capacity 3073K, committed 3200K, reserved 1048576K
Event: 81.741 GC heap after
Heap after GC invocations=12 (full 1):
 PSYoungGen      total 216576K, used 0K [0x00000000d7200000, 0x00000000ec480000, 0x0000000100000000)
  eden space 194560K, 0% used [0x00000000d7200000,0x00000000d7200000,0x00000000e3000000)
  from space 22016K, 0% used [0x00000000e3000000,0x00000000e3000000,0x00000000e4580000)
  to   space 21504K, 0% used [0x00000000eaf80000,0x00000000eaf80000,0x00000000ec480000)
 ParOldGen       total 619008K, used 567295K [0x0000000085600000, 0x00000000ab280000, 0x00000000d7200000)
  object space 619008K, 91% used [0x0000000085600000,0x00000000a7fffcf8,0x00000000ab280000)
 Metaspace       used 18988K, capacity 20360K, committed 20608K, reserved 1067008K
  class space    used 2818K, capacity 3073K, committed 3200K, reserved 1048576K
}
Event: 82.005 GC heap before
{Heap before GC invocations=13 (full 1):
 PSYoungGen      total 216576K, used 194560K [0x00000000d7200000, 0x00000000ec480000, 0x0000000100000000)
  eden space 194560K, 100% used [0x00000000d7200000,0x00000000e3000000,0x00000000e3000000)
  from space 22016K, 0% used [0x00000000e3000000,0x00000000e3000000,0x00000000e4580000)
  to   space 21504K, 0% used [0x00000000eaf80000,0x00000000eaf80000,0x00000000ec480000)
 ParOldGen       total 619008K, used 567295K [0x0000000085600000, 0x00000000ab280000, 0x00000000d7200000)
  object space 619008K, 91% used [0x0000000085600000,0x00000000a7fffcf8,0x00000000ab280000)
 Metaspace       used 18988K, capacity 20360K, committed 20608K, reserved 1067008K
  class space    used 2818K, capacity 3073K, committed 3200K, reserved 1048576K
Event: 82.034 GC heap after
Heap after GC invocations=13 (full 1):
 PSYoungGen      total 321024K, used 0K [0x00000000d7200000, 0x00000000ec180000, 0x0000000100000000)
  eden space 302592K, 0% used [0x00000000d7200000,0x00000000d7200000,0x00000000e9980000)
  from space 18432K, 0% used [0x00000000eaf80000,0x00000000eaf80000,0x00000000ec180000)
  to   space 20480K, 0% used [0x00000000e9980000,0x00000000e9980000,0x00000000ead80000)
 ParOldGen       total 619008K, used 567295K [0x0000000085600000, 0x00000000ab280000, 0x00000000d7200000)
  object space 619008K, 91% used [0x0000000085600000,0x00000000a7fffcf8,0x00000000ab280000)
 Metaspace       used 18988K, capacity 20360K, committed 20608K, reserved 1067008K
  class space    used 2818K, capacity 3073K, committed 3200K, reserved 1048576K
}
Event: 87.235 GC heap before
{Heap before GC invocations=14 (full 1):
 PSYoungGen      total 321024K, used 302592K [0x00000000d7200000, 0x00000000ec180000, 0x0000000100000000)
  eden space 302592K, 100% used [0x00000000d7200000,0x00000000e9980000,0x00000000e9980000)
  from space 18432K, 0% used [0x00000000eaf80000,0x00000000eaf80000,0x00000000ec180000)
  to   space 20480K, 0% used [0x00000000e9980000,0x00000000e9980000,0x00000000ead80000)
 ParOldGen       total 1209344K, used 1157119K [0x0000000085600000, 0x00000000cf300000, 0x00000000d7200000)
  object space 1209344K, 95% used [0x0000000085600000,0x00000000cbfffd08,0x00000000cf300000)
 Metaspace       used 18988K, capacity 20360K, committed 20608K, reserved 1067008K
  class space    used 2818K, capacity 3073K, committed 3200K, reserved 1048576K

