# JRE version: Java(TM) SE Runtime Environment (8.0_201-b09) (build 1.8.0_201-b09)
# Java VM: Java HotSpot(TM) 64-Bit Server VM (25.201-b09 mixed mode linux-amd64 compressed oops)
Heap:
 PSYoungGen      total 275968K, used 214818K [0x00000000d7200000, 0x00000000e9700000, 0x0000000100000000)
  eden space 253952K, 82% used [0x00000000d7200000,0x00000000e3ecd858,0x00000000e6a00000)
  from space 22016K, 23% used [0x00000000e8180000,0x00000000e867b030,0x00000000e9700000)
  to   space 23040K, 0% used [0x00000000e6a00000,0x00000000e6a00000,0x00000000e8080000)
 ParOldGen       total 307200K, used 267446K [0x0000000085600000, 0x0000000098200000, 0x00000000d7200000)
  object space 307200K, 87% used [0x0000000085600000,0x0000000095b2d988,0x0000000098200000)
 Metaspace       used 19265K, capacity 20580K, committed 20864K, reserved 1067008K
  class space    used 2836K, capacity 3079K, committed 3200K, reserved 1048576K
GC Heap History (10 events):
Event: 1.522 GC heap before
{Heap before GC invocations=2 (full 0):
 PSYoungGen      total 36864K, used 35696K [0x00000000d7200000, 0x00000000dba00000, 0x0000000100000000)
  eden space 31744K, 100% used [0x00000000d7200000,0x00000000d9100000,0x00000000d9100000)
  from space 5120K, 77% used [0x00000000d9100000,0x00000000d94dc050,0x00000000d9600000)
  to   space 5120K, 0% used [0x00000000db500000,0x00000000db500000,0x00000000dba00000)
 ParOldGen       total 84992K, used 8K [0x0000000085600000, 0x000000008a900000, 0x00000000d7200000)
  object space 84992K, 0% used [0x0000000085600000,0x0000000085602000,0x000000008a900000)
 Metaspace       used 15844K, capacity 16876K, committed 17024K, reserved 1062912K
  class space    used 2439K, capacity 2637K, committed 2688K, reserved 1048576K
Event: 1.538 GC heap after
Heap after GC invocations=2 (full 0):
 PSYoungGen      total 68608K, used 5108K [0x00000000d7200000, 0x00000000dba00000, 0x0000000100000000)
  eden space 63488K, 0% used [0x00000000d7200000,0x00000000d7200000,0x00000000db000000)
  from space 5120K, 99% used [0x00000000db500000,0x00000000db9fd010,0x00000000dba00000)
  to   space 5120K, 0% used [0x00000000db000000,0x00000000db000000,0x00000000db500000)
 ParOldGen       total 84992K, used 18610K [0x0000000085600000, 0x000000008a900000, 0x00000000d7200000)
  object space 84992K, 21% used [0x0000000085600000,0x000000008682c920,0x000000008a900000)
 Metaspace       used 15844K, capacity 16876K, committed 17024K, reserved 1062912K
  class space    used 2439K, capacity 2637K, committed 2688K, reserved 1048576K
}
Event: 29.916 GC heap before
{Heap before GC invocations=3 (full 0):
 PSYoungGen      total 68608K, used 68596K [0x00000000d7200000, 0x00000000dba00000, 0x0000000100000000)
  eden space 63488K, 100% used [0x00000000d7200000,0x00000000db000000,0x00000000db000000)
  from space 5120K, 99% used [0x00000000db500000,0x00000000db9fd010,0x00000000dba00000)
  to   space 5120K, 0% used [0x00000000db000000,0x00000000db000000,0x00000000db500000)
 ParOldGen       total 84992K, used 18610K [0x0000000085600000, 0x000000008a900000, 0x00000000d7200000)
  object space 84992K, 21% used [0x0000000085600000,0x000000008682c920,0x000000008a900000)
 Metaspace       used 19264K, capacity 20580K, committed 20864K, reserved 1067008K
  class space    used 2836K, capacity 3079K, committed 3200K, reserved 1048576K
Event: 29.925 GC heap after
Heap after GC invocations=3 (full 0):
 PSYoungGen      total 68608K, used 5116K [0x00000000d7200000, 0x00000000df800000, 0x0000000100000000)
  eden space 63488K, 0% used [0x00000000d7200000,0x00000000d7200000,0x00000000db000000)
  from space 5120K, 99% used [0x00000000db000000,0x00000000db4ff020,0x00000000db500000)
  to   space 5120K, 0% used [0x00000000df300000,0x00000000df300000,0x00000000df800000)
 ParOldGen       total 84992K, used 27814K [0x0000000085600000, 0x000000008a900000, 0x00000000d7200000)
  object space 84992K, 32% used [0x0000000085600000,0x0000000087129958,0x000000008a900000)
 Metaspace       used 19264K, capacity 20580K, committed 20864K, reserved 1067008K
  class space    used 2836K, capacity 3079K, committed 3200K, reserved 1048576K
}
Event: 29.971 GC heap before
{Heap before GC invocations=4 (full 0):
 PSYoungGen      total 68608K, used 68604K [0x00000000d7200000, 0x00000000df800000, 0x0000000100000000)
  eden space 63488K, 100% used [0x00000000d7200000,0x00000000db000000,0x00000000db000000)
  from space 5120K, 99% used [0x00000000db000000,0x00000000db4ff020,0x00000000db500000)
  to   space 5120K, 0% used [0x00000000df300000,0x00000000df300000,0x00000000df800000)
 ParOldGen       total 84992K, used 27814K [0x0000000085600000, 0x000000008a900000, 0x00000000d7200000)
  object space 84992K, 32% used [0x0000000085600000,0x0000000087129958,0x000000008a900000)
 Metaspace       used 19265K, capacity 20580K, committed 20864K, reserved 1067008K
  class space    used 2836K, capacity 3079K, committed 3200K, reserved 1048576K
Event: 29.985 GC heap after
Heap after GC invocations=4 (full 0):
 PSYoungGen      total 132096K, used 5118K [0x00000000d7200000, 0x00000000df800000, 0x0000000100000000)
  eden space 126976K, 0% used [0x00000000d7200000,0x00000000d7200000,0x00000000dee00000)
  from space 5120K, 99% used [0x00000000df300000,0x00000000df7ffab0,0x00000000df800000)
  to   space 5120K, 0% used [0x00000000dee00000,0x00000000dee00000,0x00000000df300000)
 ParOldGen       total 84992K, used 46246K [0x0000000085600000, 0x000000008a900000, 0x00000000d7200000)
  object space 84992K, 54% used [0x0000000085600000,0x0000000088329968,0x000000008a900000)
 Metaspace       used 19265K, capacity 20580K, committed 20864K, reserved 1067008K
  class space    used 2836K, capacity 3079K, committed 3200K, reserved 1048576K
}
Event: 31.210 GC heap before
{Heap before GC invocations=5 (full 0):
 PSYoungGen      total 132096K, used 132094K [0x00000000d7200000, 0x00000000df800000, 0x0000000100000000)
  eden space 126976K, 100% used [0x00000000d7200000,0x00000000dee00000,0x00000000dee00000)
  from space 5120K, 99% used [0x00000000df300000,0x00000000df7ffab0,0x00000000df800000)
  to   space 5120K, 0% used [0x00000000dee00000,0x00000000dee00000,0x00000000df300000)
 ParOldGen       total 159232K, used 119974K [0x0000000085600000, 0x000000008f180000, 0x00000000d7200000)
  object space 159232K, 75% used [0x0000000085600000,0x000000008cb29978,0x000000008f180000)
 Metaspace       used 19265K, capacity 20580K, committed 20864K, reserved 1067008K
  class space    used 2836K, capacity 3079K, committed 3200K, reserved 1048576K
Event: 31.662 GC heap after
Heap after GC invocations=5 (full 0):
 PSYoungGen      total 132096K, used 5102K [0x00000000d7200000, 0x00000000e9900000, 0x0000000100000000)
  eden space 126976K, 0% used [0x00000000d7200000,0x00000000d7200000,0x00000000dee00000)
  from space 5120K, 99% used [0x00000000dee00000,0x00000000df2fbaa0,0x00000000df300000)
  to   space 24064K, 0% used [0x00000000e8180000,0x00000000e8180000,0x00000000e9900000)
 ParOldGen       total 159232K, used 119982K [0x0000000085600000, 0x000000008f180000, 0x00000000d7200000)
  object space 159232K, 75% used [0x0000000085600000,0x000000008cb2b978,0x000000008f180000)
 Metaspace       used 19265K, capacity 20580K, committed 20864K, reserved 1067008K
  class space    used 2836K, capacity 3079K, committed 3200K, reserved 1048576K
}
Event: 35.775 GC heap before
{Heap before GC invocations=6 (full 0):
 PSYoungGen      total 132096K, used 132078K [0x00000000d7200000, 0x00000000e9900000, 0x0000000100000000)
  eden space 126976K, 100% used [0x00000000d7200000,0x00000000dee00000,0x00000000dee00000)
  from space 5120K, 99% used [0x00000000dee00000,0x00000000df2fbaa0,0x00000000df300000)
  to   space 24064K, 0% used [0x00000000e8180000,0x00000000e8180000,0x00000000e9900000)
 ParOldGen       total 307200K, used 267438K [0x0000000085600000, 0x0000000098200000, 0x00000000d7200000)
  object space 307200K, 87% used [0x0000000085600000,0x0000000095b2b988,0x0000000098200000)
 Metaspace       used 19265K, capacity 20580K, committed 20864K, reserved 1067008K
  class space    used 2836K, capacity 3079K, committed 3200K, reserved 1048576K
Event: 35.783 GC heap after
Heap after GC invocations=6 (full 0):
 PSYoungGen      total 275968K, used 5100K [0x00000000d7200000, 0x00000000e9700000, 0x0000000100000000)
  eden space 253952K, 0% used [0x00000000d7200000,0x00000000d7200000,0x00000000e6a00000)
  from space 22016K, 23% used [0x00000000e8180000,0x00000000e867b030,0x00000000e9700000)
  to   space 23040K, 0% used [0x00000000e6a00000,0x00000000e6a00000,0x00000000e8080000)
 ParOldGen       total 307200K, used 267446K [0x0000000085600000, 0x0000000098200000, 0x00000000d7200000)
  object space 307200K, 87% used [0x0000000085600000,0x0000000095b2d988,0x0000000098200000)
 Metaspace       used 19265K, capacity 20580K, committed 20864K, reserved 1067008K
  class space    used 2836K, capacity 3079K, committed 3200K, reserved 1048576K
}

